<?xml version="1.0" encoding="UTF-8"?>
<testng-results skipped="0" failed="0" ignored="0" total="1" passed="1">
  <reporter-output>
  </reporter-output>
  <suite name="CAI_Tests" duration-ms="154706" started-at="2020-12-08T18:43:29Z" finished-at="2020-12-08T18:46:03Z">
    <groups>
    </groups>
    <test name="CAI_RegistrationTest" duration-ms="154706" started-at="2020-12-08T18:43:29Z" finished-at="2020-12-08T18:46:03Z">
      <class name="com.CAI.tests.RegistrationNegativeTest">
        <test-method status="PASS" signature="startReport()[pri:0, instance:com.CAI.tests.RegistrationNegativeTest@43bd930a]" name="startReport" is-config="true" duration-ms="1863" started-at="2020-12-08T18:43:29Z" finished-at="2020-12-08T18:43:30Z">
          <reporter-output>
          </reporter-output>
        </test-method> <!-- startReport -->
        <test-method status="PASS" signature="openBrowser()[pri:0, instance:com.CAI.tests.RegistrationNegativeTest@43bd930a]" name="openBrowser" is-config="true" duration-ms="56762" started-at="2020-12-08T18:43:40Z" finished-at="2020-12-08T18:44:36Z">
          <reporter-output>
          </reporter-output>
        </test-method> <!-- openBrowser -->
        <test-method status="PASS" signature="registrationNegativeTest(java.lang.String, java.lang.String, java.lang.String, java.lang.String, java.lang.String)[pri:0, instance:com.CAI.tests.RegistrationNegativeTest@43bd930a]" name="registrationNegativeTest" duration-ms="80510" started-at="2020-12-08T18:44:36Z" data-provider="regdatanegative" finished-at="2020-12-08T18:45:57Z">
          <params>
            <param index="0">
              <value>
                <![CDATA[subbu]]>
              </value>
            </param>
            <param index="1">
              <value>
                <![CDATA[a]]>
              </value>
            </param>
            <param index="2">
              <value>
                <![CDATA[subbu@gmail.com]]>
              </value>
            </param>
            <param index="3">
              <value>
                <![CDATA[1234]]>
              </value>
            </param>
            <param index="4">
              <value>
                <![CDATA[1234]]>
              </value>
            </param>
          </params>
          <reporter-output>
          </reporter-output>
        </test-method> <!-- registrationNegativeTest -->
        <test-method status="PASS" signature="closeBrowser()[pri:0, instance:com.CAI.tests.RegistrationNegativeTest@43bd930a]" name="closeBrowser" is-config="true" duration-ms="1026" started-at="2020-12-08T18:45:57Z" finished-at="2020-12-08T18:45:58Z">
          <reporter-output>
          </reporter-output>
        </test-method> <!-- closeBrowser -->
        <test-method status="PASS" signature="endreport()[pri:0, instance:com.CAI.tests.RegistrationNegativeTest@43bd930a]" name="endreport" is-config="true" duration-ms="5396" started-at="2020-12-08T18:45:58Z" finished-at="2020-12-08T18:46:03Z">
          <reporter-output>
          </reporter-output>
        </test-method> <!-- endreport -->
      </class> <!-- com.CAI.tests.RegistrationNegativeTest -->
    </test> <!-- CAI_RegistrationTest -->
  </suite> <!-- CAI_Tests -->
</testng-results>
