<?xml version="1.0" encoding="UTF-8"?>
<testng-results skipped="0" failed="0" ignored="0" total="2" passed="2">
  <reporter-output>
  </reporter-output>
  <suite name="CAI_Tests" duration-ms="212970" started-at="2020-12-09T20:17:31Z" finished-at="2020-12-09T20:21:04Z">
    <groups>
    </groups>
    <test name="CAI_RegistrationTest" duration-ms="212970" started-at="2020-12-09T20:17:31Z" finished-at="2020-12-09T20:21:04Z">
      <class name="com.CAI.tests.RegistrationPositiveTest">
        <test-method status="PASS" signature="startReport()[pri:0, instance:com.CAI.tests.RegistrationPositiveTest@5891e32e]" name="startReport" is-config="true" duration-ms="1683" started-at="2020-12-09T20:17:31Z" finished-at="2020-12-09T20:17:32Z">
          <reporter-output>
          </reporter-output>
        </test-method> <!-- startReport -->
        <test-method status="PASS" signature="openBrowser(java.lang.String)[pri:0, instance:com.CAI.tests.RegistrationPositiveTest@5891e32e]" name="openBrowser" is-config="true" duration-ms="45513" started-at="2020-12-09T20:17:41Z" finished-at="2020-12-09T20:18:26Z">
          <params>
            <param index="0">
              <value>
                <![CDATA[chrome]]>
              </value>
            </param>
          </params>
          <reporter-output>
          </reporter-output>
        </test-method> <!-- openBrowser -->
        <test-method status="PASS" signature="registrationPositiveTest(java.lang.String, java.lang.String, java.lang.String, java.lang.String, java.lang.String)[pri:0, instance:com.CAI.tests.RegistrationPositiveTest@5891e32e]" name="registrationPositiveTest" duration-ms="20935" started-at="2020-12-09T20:18:26Z" data-provider="regdata" finished-at="2020-12-09T20:18:47Z">
          <params>
            <param index="0">
              <value>
                <![CDATA[subbu]]>
              </value>
            </param>
            <param index="1">
              <value>
                <![CDATA[A]]>
              </value>
            </param>
            <param index="2">
              <value>
                <![CDATA[subbu@gmail.com]]>
              </value>
            </param>
            <param index="3">
              <value>
                <![CDATA[Start123@]]>
              </value>
            </param>
            <param index="4">
              <value>
                <![CDATA[Start123@]]>
              </value>
            </param>
          </params>
          <reporter-output>
          </reporter-output>
        </test-method> <!-- registrationPositiveTest -->
        <test-method status="PASS" signature="closeBrowser()[pri:0, instance:com.CAI.tests.RegistrationPositiveTest@5891e32e]" name="closeBrowser" is-config="true" duration-ms="2971" started-at="2020-12-09T20:18:47Z" finished-at="2020-12-09T20:18:50Z">
          <reporter-output>
          </reporter-output>
        </test-method> <!-- closeBrowser -->
        <test-method status="PASS" signature="endreport()[pri:0, instance:com.CAI.tests.RegistrationPositiveTest@5891e32e]" name="endreport" is-config="true" duration-ms="6861" started-at="2020-12-09T20:18:50Z" finished-at="2020-12-09T20:18:57Z">
          <reporter-output>
          </reporter-output>
        </test-method> <!-- endreport -->
      </class> <!-- com.CAI.tests.RegistrationPositiveTest -->
      <class name="com.CAI.tests.RegistrationNegativeTest">
        <test-method status="PASS" signature="startReport()[pri:0, instance:com.CAI.tests.RegistrationNegativeTest@cb0ed20]" name="startReport" is-config="true" duration-ms="3037" started-at="2020-12-09T20:18:57Z" finished-at="2020-12-09T20:19:00Z">
          <reporter-output>
          </reporter-output>
        </test-method> <!-- startReport -->
        <test-method status="PASS" signature="openBrowser(java.lang.String)[pri:0, instance:com.CAI.tests.RegistrationNegativeTest@cb0ed20]" name="openBrowser" is-config="true" duration-ms="39400" started-at="2020-12-09T20:19:05Z" finished-at="2020-12-09T20:19:45Z">
          <params>
            <param index="0">
              <value>
                <![CDATA[chrome]]>
              </value>
            </param>
          </params>
          <reporter-output>
          </reporter-output>
        </test-method> <!-- openBrowser -->
        <test-method status="PASS" signature="registrationNegativeTest(java.lang.String, java.lang.String, java.lang.String, java.lang.String, java.lang.String)[pri:0, instance:com.CAI.tests.RegistrationNegativeTest@cb0ed20]" name="registrationNegativeTest" duration-ms="77325" started-at="2020-12-09T20:19:45Z" data-provider="regdatanegative" finished-at="2020-12-09T20:21:02Z">
          <params>
            <param index="0">
              <value>
                <![CDATA[subbu]]>
              </value>
            </param>
            <param index="1">
              <value>
                <![CDATA[a]]>
              </value>
            </param>
            <param index="2">
              <value>
                <![CDATA[subbu@gmail.com]]>
              </value>
            </param>
            <param index="3">
              <value>
                <![CDATA[1234]]>
              </value>
            </param>
            <param index="4">
              <value>
                <![CDATA[1234]]>
              </value>
            </param>
          </params>
          <reporter-output>
          </reporter-output>
        </test-method> <!-- registrationNegativeTest -->
        <test-method status="PASS" signature="closeBrowser()[pri:0, instance:com.CAI.tests.RegistrationNegativeTest@cb0ed20]" name="closeBrowser" is-config="true" duration-ms="866" started-at="2020-12-09T20:21:02Z" finished-at="2020-12-09T20:21:03Z">
          <reporter-output>
          </reporter-output>
        </test-method> <!-- closeBrowser -->
        <test-method status="PASS" signature="endreport()[pri:0, instance:com.CAI.tests.RegistrationNegativeTest@cb0ed20]" name="endreport" is-config="true" duration-ms="627" started-at="2020-12-09T20:21:03Z" finished-at="2020-12-09T20:21:04Z">
          <reporter-output>
          </reporter-output>
        </test-method> <!-- endreport -->
      </class> <!-- com.CAI.tests.RegistrationNegativeTest -->
    </test> <!-- CAI_RegistrationTest -->
  </suite> <!-- CAI_Tests -->
</testng-results>
