<?xml version="1.0" encoding="UTF-8"?>
<!-- Generated by org.testng.reporters.JUnitXMLReporter -->
<testsuite hostname="DESKTOP-SNRP3UF" ignored="0" name="CAI_RegistrationTest" tests="2" failures="0" timestamp="09 Dec 2020 20:21:04 GMT" time="212.97" errors="0">
  <testcase name="registrationPositiveTest" time="20.935" classname="com.CAI.tests.RegistrationPositiveTest"/>
  <testcase name="registrationNegativeTest" time="77.325" classname="com.CAI.tests.RegistrationNegativeTest"/>
</testsuite> <!-- CAI_RegistrationTest -->
